2023-02-04T13:06:57.243+02:00  INFO 14268 --- [restartedMain] u.s.SocialNetworkApplication             : Starting SocialNetworkApplication using Java 18.0.2 with PID 14268 (C:\tasks\SocialNetwork\target\classes started by dsleo in C:\tasks\SocialNetwork)
2023-02-04T13:06:57.258+02:00  INFO 14268 --- [restartedMain] u.s.SocialNetworkApplication             : No active profile set, falling back to 1 default profile: "default"
2023-02-04T13:06:57.369+02:00  INFO 14268 --- [restartedMain] o.s.b.devtools.restart.ChangeableUrls    : The Class-Path manifest attribute in C:\Users\dsleo\.m2\repository\com\sun\xml\bind\jaxb-impl\4.0.1\jaxb-impl-4.0.1.jar referenced one or more files that do not exist: file:/C:/Users/dsleo/.m2/repository/com/sun/xml/bind/jaxb-impl/4.0.1/jaxb-core.jar,file:/C:/Users/dsleo/.m2/repository/com/sun/xml/bind/jaxb-impl/4.0.1/angus-activation.jar
2023-02-04T13:06:57.369+02:00  INFO 14268 --- [restartedMain] o.s.b.devtools.restart.ChangeableUrls    : The Class-Path manifest attribute in C:\Users\dsleo\.m2\repository\com\sun\xml\bind\jaxb-core\4.0.1\jaxb-core-4.0.1.jar referenced one or more files that do not exist: file:/C:/Users/dsleo/.m2/repository/com/sun/xml/bind/jaxb-core/4.0.1/jakarta.activation-api.jar,file:/C:/Users/dsleo/.m2/repository/com/sun/xml/bind/jaxb-core/4.0.1/jakarta.xml.bind-api.jar
2023-02-04T13:06:57.370+02:00  INFO 14268 --- [restartedMain] .e.DevToolsPropertyDefaultsPostProcessor : Devtools property defaults active! Set 'spring.devtools.add-properties' to 'false' to disable
2023-02-04T13:06:57.370+02:00  INFO 14268 --- [restartedMain] .e.DevToolsPropertyDefaultsPostProcessor : For additional web related logging consider setting the 'logging.level.web' property to 'DEBUG'
2023-02-04T13:06:58.741+02:00  INFO 14268 --- [restartedMain] .s.d.r.c.RepositoryConfigurationDelegate : Bootstrapping Spring Data JPA repositories in DEFAULT mode.
2023-02-04T13:06:58.848+02:00  INFO 14268 --- [restartedMain] .s.d.r.c.RepositoryConfigurationDelegate : Finished Spring Data repository scanning in 93 ms. Found 5 JPA repository interfaces.
2023-02-04T13:06:59.375+02:00  INFO 14268 --- [restartedMain] trationDelegate$BeanPostProcessorChecker : Bean 'org.springframework.ws.config.annotation.DelegatingWsConfiguration' of type [org.springframework.ws.config.annotation.DelegatingWsConfiguration$$SpringCGLIB$$0] is not eligible for getting processed by all BeanPostProcessors (for example: not eligible for auto-proxying)
2023-02-04T13:06:59.458+02:00  INFO 14268 --- [restartedMain] .w.s.a.s.AnnotationActionEndpointMapping : Supporting [WS-Addressing August 2004, WS-Addressing 1.0]
2023-02-04T13:07:00.074+02:00  INFO 14268 --- [restartedMain] o.s.b.w.embedded.tomcat.TomcatWebServer  : Tomcat initialized with port(s): 2402 (http)
2023-02-04T13:07:00.089+02:00  INFO 14268 --- [restartedMain] o.apache.catalina.core.StandardService   : Starting service [Tomcat]
2023-02-04T13:07:00.090+02:00  INFO 14268 --- [restartedMain] o.apache.catalina.core.StandardEngine    : Starting Servlet engine: [Apache Tomcat/10.1.4]
2023-02-04T13:07:00.211+02:00  INFO 14268 --- [restartedMain] o.a.c.c.C.[Tomcat].[localhost].[/]       : Initializing Spring embedded WebApplicationContext
2023-02-04T13:07:00.212+02:00  INFO 14268 --- [restartedMain] w.s.c.ServletWebServerApplicationContext : Root WebApplicationContext: initialization completed in 2841 ms
2023-02-04T13:07:00.362+02:00  WARN 14268 --- [restartedMain] o.a.c.c.C.[Tomcat].[localhost].[/]       : Cannot deserialize session attribute [SPRING_SECURITY_CONTEXT] for session [B4572BAEEECCCE2EAA83C51690D747C0]
2023-02-04T13:07:00.545+02:00  INFO 14268 --- [restartedMain] o.hibernate.jpa.internal.util.LogHelper  : HHH000204: Processing PersistenceUnitInfo [name: default]
2023-02-04T13:07:00.643+02:00  INFO 14268 --- [restartedMain] org.hibernate.Version                    : HHH000412: Hibernate ORM core version 6.1.6.Final
2023-02-04T13:07:00.911+02:00  WARN 14268 --- [restartedMain] org.hibernate.orm.deprecation            : HHH90000021: Encountered deprecated setting [javax.persistence.sharedCache.mode], use [jakarta.persistence.sharedCache.mode] instead
2023-02-04T13:07:01.079+02:00  INFO 14268 --- [restartedMain] com.zaxxer.hikari.HikariDataSource       : HikariPool-1 - Starting...
2023-02-04T13:07:01.388+02:00  INFO 14268 --- [restartedMain] com.zaxxer.hikari.pool.HikariPool        : HikariPool-1 - Added connection org.postgresql.jdbc.PgConnection@56aac756
2023-02-04T13:07:01.391+02:00  INFO 14268 --- [restartedMain] com.zaxxer.hikari.HikariDataSource       : HikariPool-1 - Start completed.
2023-02-04T13:07:01.460+02:00  INFO 14268 --- [restartedMain] SQL dialect                              : HHH000400: Using dialect: org.hibernate.dialect.PostgreSQLDialect
2023-02-04T13:07:03.121+02:00  INFO 14268 --- [restartedMain] org.hibernate.orm.connections.access     : HHH10001501: Connection obtained from JdbcConnectionAccess [org.hibernate.engine.jdbc.env.internal.JdbcEnvironmentInitiator$ConnectionProviderJdbcConnectionAccess@34d1a1b2] for (non-JTA) DDL execution was not in auto-commit mode; the Connection 'local transaction' will be committed and the Connection will be set into auto-commit mode.
2023-02-04T13:07:03.312+02:00  INFO 14268 --- [restartedMain] o.h.e.t.j.p.i.JtaPlatformInitiator       : HHH000490: Using JtaPlatform implementation: [org.hibernate.engine.transaction.jta.platform.internal.NoJtaPlatform]
2023-02-04T13:07:03.330+02:00  INFO 14268 --- [restartedMain] j.LocalContainerEntityManagerFactoryBean : Initialized JPA EntityManagerFactory for persistence unit 'default'
2023-02-04T13:07:04.435+02:00  WARN 14268 --- [restartedMain] JpaBaseConfiguration$JpaWebConfiguration : spring.jpa.open-in-view is enabled by default. Therefore, database queries may be performed during view rendering. Explicitly configure spring.jpa.open-in-view to disable this warning
2023-02-04T13:07:05.148+02:00  INFO 14268 --- [restartedMain] o.s.s.web.DefaultSecurityFilterChain     : Will secure any request with [org.springframework.security.web.session.DisableEncodeUrlFilter@47211cd0, org.springframework.security.web.context.request.async.WebAsyncManagerIntegrationFilter@e2f2586, org.springframework.security.web.context.SecurityContextHolderFilter@20361172, org.springframework.security.web.header.HeaderWriterFilter@6017cbfa, org.springframework.security.web.authentication.logout.LogoutFilter@7465bbe8, org.springframework.security.web.authentication.UsernamePasswordAuthenticationFilter@e7bfccc, org.springframework.security.web.savedrequest.RequestCacheAwareFilter@1f0187de, org.springframework.security.web.servletapi.SecurityContextHolderAwareRequestFilter@651d695a, org.springframework.security.web.authentication.AnonymousAuthenticationFilter@5fe33513, org.springframework.security.web.access.ExceptionTranslationFilter@2d5ba4d4, org.springframework.security.web.access.intercept.AuthorizationFilter@4771c6d4]
2023-02-04T13:07:06.386+02:00  INFO 14268 --- [restartedMain] o.s.b.d.a.OptionalLiveReloadServer       : LiveReload server is running on port 35729
2023-02-04T13:07:06.712+02:00  INFO 14268 --- [restartedMain] o.s.b.w.embedded.tomcat.TomcatWebServer  : Tomcat started on port(s): 2402 (http) with context path ''
2023-02-04T13:07:06.808+02:00  INFO 14268 --- [restartedMain] u.s.SocialNetworkApplication             : Started SocialNetworkApplication in 10.355 seconds (process running for 13.169)
2023-02-04T13:07:17.794+02:00  INFO 14268 --- [http-nio-2402-exec-1] o.a.c.c.C.[Tomcat].[localhost].[/]       : Initializing Spring DispatcherServlet 'dispatcherServlet'
2023-02-04T13:07:17.795+02:00  INFO 14268 --- [http-nio-2402-exec-1] o.s.web.servlet.DispatcherServlet        : Initializing Servlet 'dispatcherServlet'
2023-02-04T13:07:17.804+02:00  INFO 14268 --- [http-nio-2402-exec-1] o.s.web.servlet.DispatcherServlet        : Completed initialization in 2 ms
2023-02-04T13:07:27.704+02:00  INFO 14268 --- [http-nio-2402-exec-7] u.s.s.impl.CustomUserDetailService       : loadUserByUsername USERNAME= q
2023-02-04T13:07:28.356+02:00  WARN 14268 --- [http-nio-2402-exec-10] .w.s.m.s.DefaultHandlerExceptionResolver : Resolved [org.springframework.web.method.annotation.MethodArgumentTypeMismatchException: Failed to convert value of type 'java.lang.String' to required type 'java.lang.Integer'; For input string: "logo.png"]
2023-02-04T13:07:28.383+02:00  WARN 14268 --- [http-nio-2402-exec-1] .w.s.m.s.DefaultHandlerExceptionResolver : Resolved [org.springframework.web.method.annotation.MethodArgumentTypeMismatchException: Failed to convert value of type 'java.lang.String' to required type 'java.lang.Integer'; For input string: "dp.jpg"]
2023-02-04T13:07:28.385+02:00  WARN 14268 --- [http-nio-2402-exec-3] .w.s.m.s.DefaultHandlerExceptionResolver : Resolved [org.springframework.web.method.annotation.MethodArgumentTypeMismatchException: Failed to convert value of type 'java.lang.String' to required type 'java.lang.Integer'; For input string: "boy.jpg"]
2023-02-04T13:07:28.385+02:00  WARN 14268 --- [http-nio-2402-exec-4] .w.s.m.s.DefaultHandlerExceptionResolver : Resolved [org.springframework.web.method.annotation.MethodArgumentTypeMismatchException: Failed to convert value of type 'java.lang.String' to required type 'java.lang.Integer'; For input string: "model.jpg"]
2023-02-04T13:07:28.391+02:00  WARN 14268 --- [http-nio-2402-exec-2] .w.s.m.s.DefaultHandlerExceptionResolver : Resolved [org.springframework.web.method.annotation.MethodArgumentTypeMismatchException: Failed to convert value of type 'java.lang.String' to required type 'java.lang.Integer'; For input string: "shoes.jpg"]
